Build started 8/30/2011 10:52:21 AM.
     1>Project "Z:\adit\Downloads\csci261_toolkit\csci261_toolkit\apps\homework\02_sphereVolume\02_sphereVolume.vcxproj" on node 2 (build target(s)).
     1>InitializeBuildStatus:
         Creating "Debug\02_sphereVolume.unsuccessfulbuild" because "AlwaysCreate" was specified.
       ClCompile:
         c:\Program Files (x86)\Microsoft Visual Studio 10.0\VC\bin\CL.exe /c /ZI /nologo /W3 /WX- /Od /Oy- /D WIN32 /D _DEBUG /D _CONSOLE /D _UNICODE /D UNICODE /Gm /EHsc /RTC1 /MDd /GS /fp:precise /Zc:wchar_t /Zc:forScope /Fo"Debug\\" /Fd"Debug\vc100.pdb" /Gd /TP /analyze- /errorReport:prompt src\main.cpp
         main.cpp
       ManifestResourceCompile:
         C:\Program Files (x86)\Microsoft SDKs\Windows\v7.0A\bin\rc.exe /nologo /fo"Debug\02_sphereVolume.exe.embed.manifest.res" Debug\02_sphereVolume_manifest.rc 
       Link:
         c:\Program Files (x86)\Microsoft Visual Studio 10.0\VC\bin\link.exe /ERRORREPORT:PROMPT /OUT:"Z:\adit\Downloads\csci261_toolkit\csci261_toolkit\apps\homework\02_sphereVolume\Debug\02_sphereVolume.exe" /INCREMENTAL /NOLOGO kernel32.lib user32.lib gdi32.lib winspool.lib comdlg32.lib advapi32.lib shell32.lib ole32.lib oleaut32.lib uuid.lib odbc32.lib odbccp32.lib /MANIFEST /ManifestFile:"Debug\02_sphereVolume.exe.intermediate.manifest" /MANIFESTUAC:"level='asInvoker' uiAccess='false'" /DEBUG /PDB:"Z:\adit\Downloads\csci261_toolkit\csci261_toolkit\apps\homework\02_sphereVolume\Debug\02_sphereVolume.pdb" /SUBSYSTEM:CONSOLE /TLBID:1 /DYNAMICBASE /NXCOMPAT /IMPLIB:"Z:\adit\Downloads\csci261_toolkit\csci261_toolkit\apps\homework\02_sphereVolume\Debug\02_sphereVolume.lib" /MACHINE:X86 Debug\02_sphereVolume.exe.embed.manifest.res
         Debug\main.obj
       Manifest:
         C:\Program Files (x86)\Microsoft SDKs\Windows\v7.0A\bin\mt.exe /nologo /verbose /out:"Debug\02_sphereVolume.exe.embed.manifest" /manifest Debug\02_sphereVolume.exe.intermediate.manifest
         C:\Program Files (x86)\Microsoft SDKs\Windows\v7.0A\bin\rc.exe /nologo /fo"Debug\02_sphereVolume.exe.embed.manifest.res" Debug\02_sphereVolume_manifest.rc 
       LinkEmbedManifest:
         c:\Program Files (x86)\Microsoft Visual Studio 10.0\VC\bin\link.exe /ERRORREPORT:PROMPT /OUT:"Z:\adit\Downloads\csci261_toolkit\csci261_toolkit\apps\homework\02_sphereVolume\Debug\02_sphereVolume.exe" /INCREMENTAL /NOLOGO kernel32.lib user32.lib gdi32.lib winspool.lib comdlg32.lib advapi32.lib shell32.lib ole32.lib oleaut32.lib uuid.lib odbc32.lib odbccp32.lib /MANIFEST /ManifestFile:"Debug\02_sphereVolume.exe.intermediate.manifest" /MANIFESTUAC:"level='asInvoker' uiAccess='false'" /DEBUG /PDB:"Z:\adit\Downloads\csci261_toolkit\csci261_toolkit\apps\homework\02_sphereVolume\Debug\02_sphereVolume.pdb" /SUBSYSTEM:CONSOLE /TLBID:1 /DYNAMICBASE /NXCOMPAT /IMPLIB:"Z:\adit\Downloads\csci261_toolkit\csci261_toolkit\apps\homework\02_sphereVolume\Debug\02_sphereVolume.lib" /MACHINE:X86 Debug\02_sphereVolume.exe.embed.manifest.res
         Debug\main.obj
         02_sphereVolume.vcxproj -> Z:\adit\Downloads\csci261_toolkit\csci261_toolkit\apps\homework\02_sphereVolume\Debug\02_sphereVolume.exe
       FinalizeBuildStatus:
         Deleting file "Debug\02_sphereVolume.unsuccessfulbuild".
         Touching "Debug\02_sphereVolume.lastbuildstate".
     1>Done Building Project "Z:\adit\Downloads\csci261_toolkit\csci261_toolkit\apps\homework\02_sphereVolume\02_sphereVolume.vcxproj" (build target(s)).

Build succeeded.

Time Elapsed 00:00:31.60
