Build started 10/5/2011 2:32:07 PM.
     1>Project "G:\CSCI 261\apps\homework\18_factorial\18_factorial.vcxproj" on node 2 (build target(s)).
     1>InitializeBuildStatus:
         Creating "Debug\18_factorial.unsuccessfulbuild" because "AlwaysCreate" was specified.
       ClCompile:
         c:\Program Files (x86)\Microsoft Visual Studio 10.0\VC\bin\CL.exe /c /ZI /nologo /W3 /WX- /Od /Oy- /D WIN32 /D _DEBUG /D _CONSOLE /D _UNICODE /D UNICODE /Gm /EHsc /RTC1 /MDd /GS /fp:precise /Zc:wchar_t /Zc:forScope /Fo"Debug\\" /Fd"Debug\vc100.pdb" /Gd /TP /analyze- /errorReport:prompt src\main.cpp
         main.cpp
       ManifestResourceCompile:
         All outputs are up-to-date.
       Link:
         c:\Program Files (x86)\Microsoft Visual Studio 10.0\VC\bin\link.exe /ERRORREPORT:PROMPT /OUT:"G:\CSCI 261\apps\homework\18_factorial\Debug\18_factorial.exe" /INCREMENTAL /NOLOGO kernel32.lib user32.lib gdi32.lib winspool.lib comdlg32.lib advapi32.lib shell32.lib ole32.lib oleaut32.lib uuid.lib odbc32.lib odbccp32.lib /MANIFEST /ManifestFile:"Debug\18_factorial.exe.intermediate.manifest" /MANIFESTUAC:"level='asInvoker' uiAccess='false'" /DEBUG /PDB:"G:\CSCI 261\apps\homework\18_factorial\Debug\18_factorial.pdb" /SUBSYSTEM:CONSOLE /TLBID:1 /DYNAMICBASE /NXCOMPAT /IMPLIB:"G:\CSCI 261\apps\homework\18_factorial\Debug\18_factorial.lib" /MACHINE:X86 Debug\18_factorial.exe.embed.manifest.res
         Debug\main.obj
       Manifest:
         C:\Program Files (x86)\Microsoft SDKs\Windows\v7.0A\bin\mt.exe /nologo /verbose /out:"Debug\18_factorial.exe.embed.manifest" /manifest Debug\18_factorial.exe.intermediate.manifest
         All outputs are up-to-date.
       LinkEmbedManifest:
         All outputs are up-to-date.
         18_factorial.vcxproj -> G:\CSCI 261\apps\homework\18_factorial\Debug\18_factorial.exe
       FinalizeBuildStatus:
         Deleting file "Debug\18_factorial.unsuccessfulbuild".
         Touching "Debug\18_factorial.lastbuildstate".
     1>Done Building Project "G:\CSCI 261\apps\homework\18_factorial\18_factorial.vcxproj" (build target(s)).

Build succeeded.

Time Elapsed 00:00:06.13
