Build started 9/23/2011 3:37:22 PM.
     1>Project "I:\CSCI 261\apps\homework\12_shiftCipher\12_shiftCipher.vcxproj" on node 2 (build target(s)).
     1>InitializeBuildStatus:
         Creating "Debug\12_shiftCipher.unsuccessfulbuild" because "AlwaysCreate" was specified.
       ClCompile:
         c:\Program Files (x86)\Microsoft Visual Studio 10.0\VC\bin\CL.exe /c /ZI /nologo /W3 /WX- /Od /Oy- /D WIN32 /D _DEBUG /D _CONSOLE /D _UNICODE /D UNICODE /Gm /EHsc /RTC1 /MDd /GS /fp:precise /Zc:wchar_t /Zc:forScope /Fo"Debug\\" /Fd"Debug\vc100.pdb" /Gd /TP /analyze- /errorReport:prompt src\main.cpp
         main.cpp
       ManifestResourceCompile:
         All outputs are up-to-date.
       Link:
         c:\Program Files (x86)\Microsoft Visual Studio 10.0\VC\bin\link.exe /ERRORREPORT:PROMPT /OUT:"I:\CSCI 261\apps\homework\12_shiftCipher\Debug\12_shiftCipher.exe" /INCREMENTAL /NOLOGO kernel32.lib user32.lib gdi32.lib winspool.lib comdlg32.lib advapi32.lib shell32.lib ole32.lib oleaut32.lib uuid.lib odbc32.lib odbccp32.lib /MANIFEST /ManifestFile:"Debug\12_shiftCipher.exe.intermediate.manifest" /MANIFESTUAC:"level='asInvoker' uiAccess='false'" /DEBUG /PDB:"I:\CSCI 261\apps\homework\12_shiftCipher\Debug\12_shiftCipher.pdb" /SUBSYSTEM:CONSOLE /TLBID:1 /DYNAMICBASE /NXCOMPAT /IMPLIB:"I:\CSCI 261\apps\homework\12_shiftCipher\Debug\12_shiftCipher.lib" /MACHINE:X86 Debug\12_shiftCipher.exe.embed.manifest.res
         Debug\main.obj
       Manifest:
         C:\Program Files (x86)\Microsoft SDKs\Windows\v7.0A\bin\mt.exe /nologo /verbose /out:"Debug\12_shiftCipher.exe.embed.manifest" /manifest Debug\12_shiftCipher.exe.intermediate.manifest
         All outputs are up-to-date.
       LinkEmbedManifest:
         All outputs are up-to-date.
         12_shiftCipher.vcxproj -> I:\CSCI 261\apps\homework\12_shiftCipher\Debug\12_shiftCipher.exe
       FinalizeBuildStatus:
         Deleting file "Debug\12_shiftCipher.unsuccessfulbuild".
         Touching "Debug\12_shiftCipher.lastbuildstate".
     1>Done Building Project "I:\CSCI 261\apps\homework\12_shiftCipher\12_shiftCipher.vcxproj" (build target(s)).

Build succeeded.

Time Elapsed 00:00:09.48
