Build started 10/13/2011 6:00:54 PM.
     1>Project "G:\CSCI 261\apps\homework\08_bottles\08_bottles.vcxproj" on node 2 (build target(s)).
     1>InitializeBuildStatus:
         Creating "Debug\08_bottles.unsuccessfulbuild" because "AlwaysCreate" was specified.
       ClCompile:
         c:\Program Files (x86)\Microsoft Visual Studio 10.0\VC\bin\CL.exe /c /ZI /nologo /W3 /WX- /Od /Oy- /D WIN32 /D _DEBUG /D _CONSOLE /D _UNICODE /D UNICODE /Gm /EHsc /RTC1 /MDd /GS /fp:precise /Zc:wchar_t /Zc:forScope /Fo"Debug\\" /Fd"Debug\vc100.pdb" /Gd /TP /analyze- /errorReport:prompt src\main.cpp
         main.cpp
       ManifestResourceCompile:
         C:\Program Files (x86)\Microsoft SDKs\Windows\v7.0A\bin\rc.exe /nologo /fo"Debug\08_bottles.exe.embed.manifest.res" Debug\08_bottles_manifest.rc 
       Link:
         c:\Program Files (x86)\Microsoft Visual Studio 10.0\VC\bin\link.exe /ERRORREPORT:PROMPT /OUT:"G:\CSCI 261\apps\homework\08_bottles\Debug\08_bottles.exe" /INCREMENTAL /NOLOGO kernel32.lib user32.lib gdi32.lib winspool.lib comdlg32.lib advapi32.lib shell32.lib ole32.lib oleaut32.lib uuid.lib odbc32.lib odbccp32.lib /MANIFEST /ManifestFile:"Debug\08_bottles.exe.intermediate.manifest" /MANIFESTUAC:"level='asInvoker' uiAccess='false'" /DEBUG /PDB:"G:\CSCI 261\apps\homework\08_bottles\Debug\08_bottles.pdb" /SUBSYSTEM:CONSOLE /TLBID:1 /DYNAMICBASE /NXCOMPAT /IMPLIB:"G:\CSCI 261\apps\homework\08_bottles\Debug\08_bottles.lib" /MACHINE:X86 Debug\08_bottles.exe.embed.manifest.res
         Debug\main.obj
       Manifest:
         C:\Program Files (x86)\Microsoft SDKs\Windows\v7.0A\bin\mt.exe /nologo /verbose /out:"Debug\08_bottles.exe.embed.manifest" /manifest Debug\08_bottles.exe.intermediate.manifest
         All outputs are up-to-date.
       LinkEmbedManifest:
         All outputs are up-to-date.
         08_bottles.vcxproj -> G:\CSCI 261\apps\homework\08_bottles\Debug\08_bottles.exe
       FinalizeBuildStatus:
         Deleting file "Debug\08_bottles.unsuccessfulbuild".
         Touching "Debug\08_bottles.lastbuildstate".
     1>Done Building Project "G:\CSCI 261\apps\homework\08_bottles\08_bottles.vcxproj" (build target(s)).

Build succeeded.

Time Elapsed 00:00:08.85
