Build started 11/9/2011 1:58:30 PM.
     1>Project "G:\CSCI 261\apps\homework\27_betterBox\27_betterBox.vcxproj" on node 2 (build target(s)).
     1>InitializeBuildStatus:
         Creating "Debug\27_betterBox.unsuccessfulbuild" because "AlwaysCreate" was specified.
       ClCompile:
         c:\Program Files (x86)\Microsoft Visual Studio 10.0\VC\bin\CL.exe /c /ZI /nologo /W3 /WX- /Od /Oy- /D WIN32 /D _DEBUG /D _CONSOLE /D _UNICODE /D UNICODE /Gm /EHsc /RTC1 /MDd /GS /fp:precise /Zc:wchar_t /Zc:forScope /Fo"Debug\\" /Fd"Debug\vc100.pdb" /Gd /TP /analyze- /errorReport:prompt src\box.cpp
         box.cpp
       ManifestResourceCompile:
         All outputs are up-to-date.
       Link:
         c:\Program Files (x86)\Microsoft Visual Studio 10.0\VC\bin\link.exe /ERRORREPORT:PROMPT /OUT:"G:\CSCI 261\apps\homework\27_betterBox\Debug\27_betterBox.exe" /INCREMENTAL /NOLOGO kernel32.lib user32.lib gdi32.lib winspool.lib comdlg32.lib advapi32.lib shell32.lib ole32.lib oleaut32.lib uuid.lib odbc32.lib odbccp32.lib /MANIFEST /ManifestFile:"Debug\27_betterBox.exe.intermediate.manifest" /MANIFESTUAC:"level='asInvoker' uiAccess='false'" /DEBUG /PDB:"G:\CSCI 261\apps\homework\27_betterBox\Debug\27_betterBox.pdb" /SUBSYSTEM:CONSOLE /TLBID:1 /DYNAMICBASE /NXCOMPAT /IMPLIB:"G:\CSCI 261\apps\homework\27_betterBox\Debug\27_betterBox.lib" /MACHINE:X86 Debug\27_betterBox.exe.embed.manifest.res
         Debug\box.obj
         Debug\main.obj
         Debug\test.obj
       Manifest:
         C:\Program Files (x86)\Microsoft SDKs\Windows\v7.0A\bin\mt.exe /nologo /verbose /out:"Debug\27_betterBox.exe.embed.manifest" /manifest Debug\27_betterBox.exe.intermediate.manifest
         All outputs are up-to-date.
       LinkEmbedManifest:
         All outputs are up-to-date.
         27_betterBox.vcxproj -> G:\CSCI 261\apps\homework\27_betterBox\Debug\27_betterBox.exe
       FinalizeBuildStatus:
         Deleting file "Debug\27_betterBox.unsuccessfulbuild".
         Touching "Debug\27_betterBox.lastbuildstate".
     1>Done Building Project "G:\CSCI 261\apps\homework\27_betterBox\27_betterBox.vcxproj" (build target(s)).

Build succeeded.

Time Elapsed 00:00:04.90
