Build started 9/7/2011 12:38:41 AM.
     1>Project "I:\CSCI 261\apps\homework\03_aircraft\03_aircraft.vcxproj" on node 2 (build target(s)).
     1>InitializeBuildStatus:
         Creating "Debug\03_aircraft.unsuccessfulbuild" because "AlwaysCreate" was specified.
       ClCompile:
         c:\Program Files (x86)\Microsoft Visual Studio 10.0\VC\bin\CL.exe /c /ZI /nologo /W3 /WX- /Od /Oy- /D WIN32 /D _DEBUG /D _CONSOLE /D _UNICODE /D UNICODE /Gm /EHsc /RTC1 /MDd /GS /fp:precise /Zc:wchar_t /Zc:forScope /Fo"Debug\\" /Fd"Debug\vc100.pdb" /Gd /TP /analyze- /errorReport:prompt src\main.cpp
         main.cpp
       ManifestResourceCompile:
         All outputs are up-to-date.
       Link:
         c:\Program Files (x86)\Microsoft Visual Studio 10.0\VC\bin\link.exe /ERRORREPORT:PROMPT /OUT:"I:\CSCI 261\apps\homework\03_aircraft\Debug\03_aircraft.exe" /INCREMENTAL /NOLOGO kernel32.lib user32.lib gdi32.lib winspool.lib comdlg32.lib advapi32.lib shell32.lib ole32.lib oleaut32.lib uuid.lib odbc32.lib odbccp32.lib /MANIFEST /ManifestFile:"Debug\03_aircraft.exe.intermediate.manifest" /MANIFESTUAC:"level='asInvoker' uiAccess='false'" /DEBUG /PDB:"I:\CSCI 261\apps\homework\03_aircraft\Debug\03_aircraft.pdb" /SUBSYSTEM:CONSOLE /TLBID:1 /DYNAMICBASE /NXCOMPAT /IMPLIB:"I:\CSCI 261\apps\homework\03_aircraft\Debug\03_aircraft.lib" /MACHINE:X86 Debug\03_aircraft.exe.embed.manifest.res
         Debug\main.obj
       Manifest:
         C:\Program Files (x86)\Microsoft SDKs\Windows\v7.0A\bin\mt.exe /nologo /verbose /out:"Debug\03_aircraft.exe.embed.manifest" /manifest Debug\03_aircraft.exe.intermediate.manifest
         All outputs are up-to-date.
       LinkEmbedManifest:
         All outputs are up-to-date.
         03_aircraft.vcxproj -> I:\CSCI 261\apps\homework\03_aircraft\Debug\03_aircraft.exe
       FinalizeBuildStatus:
         Deleting file "Debug\03_aircraft.unsuccessfulbuild".
         Touching "Debug\03_aircraft.lastbuildstate".
     1>Done Building Project "I:\CSCI 261\apps\homework\03_aircraft\03_aircraft.vcxproj" (build target(s)).

Build succeeded.

Time Elapsed 00:00:10.31
