Build started 9/9/2011 4:05:11 PM.
     1>Project "I:\CSCI 261\apps\homework\07_rockPaperScissors\07_rockPaperScissors.vcxproj" on node 2 (build target(s)).
     1>InitializeBuildStatus:
         Creating "Debug\07_rockPaperScissors.unsuccessfulbuild" because "AlwaysCreate" was specified.
       ClCompile:
         c:\Program Files (x86)\Microsoft Visual Studio 10.0\VC\bin\CL.exe /c /ZI /nologo /W3 /WX- /Od /Oy- /D WIN32 /D _DEBUG /D _CONSOLE /D _UNICODE /D UNICODE /Gm /EHsc /RTC1 /MDd /GS /fp:precise /Zc:wchar_t /Zc:forScope /Fo"Debug\\" /Fd"Debug\vc100.pdb" /Gd /TP /analyze- /errorReport:prompt src\main.cpp
         main.cpp
       ManifestResourceCompile:
         All outputs are up-to-date.
       Link:
         c:\Program Files (x86)\Microsoft Visual Studio 10.0\VC\bin\link.exe /ERRORREPORT:PROMPT /OUT:"I:\CSCI 261\apps\homework\07_rockPaperScissors\Debug\07_rockPaperScissors.exe" /INCREMENTAL /NOLOGO kernel32.lib user32.lib gdi32.lib winspool.lib comdlg32.lib advapi32.lib shell32.lib ole32.lib oleaut32.lib uuid.lib odbc32.lib odbccp32.lib /MANIFEST /ManifestFile:"Debug\07_rockPaperScissors.exe.intermediate.manifest" /MANIFESTUAC:"level='asInvoker' uiAccess='false'" /DEBUG /PDB:"I:\CSCI 261\apps\homework\07_rockPaperScissors\Debug\07_rockPaperScissors.pdb" /SUBSYSTEM:CONSOLE /TLBID:1 /DYNAMICBASE /NXCOMPAT /IMPLIB:"I:\CSCI 261\apps\homework\07_rockPaperScissors\Debug\07_rockPaperScissors.lib" /MACHINE:X86 Debug\07_rockPaperScissors.exe.embed.manifest.res
         Debug\main.obj
       Manifest:
         C:\Program Files (x86)\Microsoft SDKs\Windows\v7.0A\bin\mt.exe /nologo /verbose /out:"Debug\07_rockPaperScissors.exe.embed.manifest" /manifest Debug\07_rockPaperScissors.exe.intermediate.manifest
         All outputs are up-to-date.
       LinkEmbedManifest:
         All outputs are up-to-date.
         07_rockPaperScissors.vcxproj -> I:\CSCI 261\apps\homework\07_rockPaperScissors\Debug\07_rockPaperScissors.exe
       FinalizeBuildStatus:
         Deleting file "Debug\07_rockPaperScissors.unsuccessfulbuild".
         Touching "Debug\07_rockPaperScissors.lastbuildstate".
     1>Done Building Project "I:\CSCI 261\apps\homework\07_rockPaperScissors\07_rockPaperScissors.vcxproj" (build target(s)).

Build succeeded.

Time Elapsed 00:00:13.46
